2025-11-25 14:16:15, MOVE, v:1, k:poo@contato, mode:DOWN
2025-11-25 14:16:16, MOVE, v:1, k:poo@contato, mode:PICK
2025-11-25 14:16:18, MOVE, v:1, k:poo@contato, mode:BACK
2025-11-25 14:16:25, MOVE, v:1, k:poo@contato, mode:PICK
2025-11-25 14:16:33, MOVE, v:1, k:poo@contato, mode:BACK
2025-11-25 14:26:29, MOVE, v:1, k:poo@contato, mode:PICK
2025-11-25 14:26:31, EXEC, v:1, k:poo@contato, mode:FULL, rate:0, size:26
2025-11-25 14:26:31, MOVE, v:1, k:poo@contato, mode:BACK
2025-11-25 14:45:04, MOVE, v:1, k:poo@contato, mode:PICK
2025-11-25 14:45:05, EXEC, v:1, k:poo@contato, mode:FREE, size:70
2025-11-25 14:45:09, EXEC, v:1, k:poo@contato, mode:FREE
2025-11-25 14:45:14, EXEC, v:1, k:poo@contato, mode:FREE
2025-11-25 14:45:32, MOVE, v:1, k:poo@contato, mode:PICK
2025-11-25 14:45:33, EXEC, v:1, k:poo@contato, mode:FREE
2025-11-25 14:46:00, EXEC, v:1, k:poo@contato, mode:FREE, size:71
2025-11-25 14:48:08, EXEC, v:1, k:poo@contato, mode:FREE, size:71
2025-11-25 14:51:45, EXEC, v:1, k:poo@contato, mode:FULL, rate:0, size:73
2025-11-25 14:51:50, EXEC, v:1, k:poo@contato, mode:FREE
2025-11-25 14:54:00, EXEC, v:1, k:poo@contato, mode:FULL, rate:20, size:76
2025-11-25 14:55:29, EXEC, v:1, k:poo@contato, mode:FULL, rate:40, size:80
2025-11-25 14:56:40, EXEC, v:1, k:poo@contato, mode:FULL, rate:60, size:83
2025-11-25 15:01:18, MOVE, v:1, k:poo@contato, mode:BACK
2025-11-25 15:26:13, MOVE, v:1, k:poo@contato, mode:PICK
2025-11-25 15:26:14, EXEC, v:1, k:poo@contato, mode:FULL, rate:60
2025-11-25 15:26:15, MOVE, v:1, k:poo@contato, mode:BACK
