2025-11-30 13:40:24, MOVE, v:1, k:poo@agenda, mode:PICK
2025-11-30 13:40:24, EXEC, v:1, k:poo@agenda, mode:FULL, rate:0, size:87
2025-11-30 13:40:24, EXEC, v:1, k:poo@agenda, mode:FULL, rate:0, size:87
2025-11-30 13:40:26, MOVE, v:1, k:poo@agenda, mode:BACK
2025-11-30 14:06:53, MOVE, v:1, k:poo@agenda, mode:PICK
2025-11-30 14:06:54, EXEC, v:1, k:poo@agenda, mode:FULL, rate:0, size:87
2025-11-30 14:06:54, MOVE, v:1, k:poo@agenda, mode:BACK
2025-11-30 14:22:26, MOVE, v:1, k:poo@agenda, mode:PICK
2025-11-30 14:22:27, EXEC, v:1, k:poo@agenda, mode:FULL, rate:0, size:106
2025-11-30 14:22:32, MOVE, v:1, k:poo@agenda, mode:BACK
2025-11-30 14:42:57, MOVE, v:1, k:poo@agenda, mode:PICK
2025-11-30 14:42:59, EXEC, v:1, k:poo@agenda, mode:FULL, rate:0, size:132
2025-11-30 14:43:00, MOVE, v:1, k:poo@agenda, mode:BACK
2025-11-30 14:47:40, MOVE, v:1, k:poo@agenda, mode:PICK
2025-11-30 14:47:42, EXEC, v:1, k:poo@agenda, mode:FULL, rate:0, size:132
2025-11-30 14:47:44, MOVE, v:1, k:poo@agenda, mode:BACK
2025-11-30 15:12:29, MOVE, v:1, k:poo@agenda, mode:PICK
2025-11-30 15:12:30, EXEC, v:1, k:poo@agenda, mode:FULL, rate:0, size:132
2025-11-30 15:12:31, EXEC, v:1, k:poo@agenda, mode:FREE
2025-11-30 15:19:41, EXEC, v:1, k:poo@agenda, mode:FULL, rate:0, size:146
2025-11-30 15:19:42, EXEC, v:1, k:poo@agenda, mode:FULL, rate:0
2025-11-30 15:19:42, EXEC, v:1, k:poo@agenda, mode:FULL, rate:0
2025-11-30 15:19:42, EXEC, v:1, k:poo@agenda, mode:FULL, rate:0
2025-11-30 15:19:42, EXEC, v:1, k:poo@agenda, mode:FULL, rate:0
2025-11-30 15:19:43, EXEC, v:1, k:poo@agenda, mode:FULL, rate:0
2025-11-30 15:19:43, EXEC, v:1, k:poo@agenda, mode:FULL, rate:0
2025-11-30 15:19:44, EXEC, v:1, k:poo@agenda, mode:FULL, rate:0
2025-11-30 15:19:44, EXEC, v:1, k:poo@agenda, mode:FULL, rate:0
2025-11-30 15:19:45, EXEC, v:1, k:poo@agenda, mode:FULL, rate:0
2025-11-30 15:19:45, EXEC, v:1, k:poo@agenda, mode:FULL, rate:0
2025-11-30 15:19:45, EXEC, v:1, k:poo@agenda, mode:FULL, rate:0
2025-11-30 15:19:45, EXEC, v:1, k:poo@agenda, mode:FULL, rate:0
2025-11-30 15:20:39, EXEC, v:1, k:poo@agenda, mode:FULL, rate:0, size:152
2025-11-30 15:21:01, MOVE, v:1, k:poo@agenda, mode:BACK
2025-11-30 15:21:03, MOVE, v:1, k:poo@agenda, mode:PICK
2025-11-30 15:21:04, EXEC, v:1, k:poo@agenda, mode:FULL, rate:0
2025-11-30 15:21:05, MOVE, v:1, k:poo@agenda, mode:BACK
2025-11-30 15:27:57, MOVE, v:1, k:poo@agenda, mode:PICK
2025-11-30 15:27:57, EXEC, v:1, k:poo@agenda, mode:FULL, rate:0, size:166
2025-11-30 15:27:59, MOVE, v:1, k:poo@agenda, mode:BACK
2025-11-30 15:31:32, MOVE, v:1, k:poo@agenda, mode:PICK
2025-11-30 15:31:33, EXEC, v:1, k:poo@agenda, mode:FULL, rate:0, size:179
2025-11-30 15:32:44, EXEC, v:1, k:poo@agenda, mode:FULL, rate:0, size:179
2025-11-30 15:34:35, EXEC, v:1, k:poo@agenda, mode:FULL, rate:62, size:179
2025-11-30 15:34:43, MOVE, v:1, k:poo@agenda, mode:BACK
2025-11-30 15:34:50, MOVE, v:1, k:poo@agenda, mode:PICK
2025-11-30 15:34:52, EXEC, v:1, k:poo@agenda, mode:FULL, rate:62
2025-11-30 15:36:09, EXEC, v:1, k:poo@agenda, mode:FULL, rate:62, size:179
2025-11-30 15:39:15, EXEC, v:1, k:poo@agenda, mode:FULL, rate:0, size:183
2025-11-30 15:39:16, EXEC, v:1, k:poo@agenda, mode:FULL, rate:0
2025-11-30 15:39:16, EXEC, v:1, k:poo@agenda, mode:FULL, rate:0
2025-11-30 15:39:28, EXEC, v:1, k:poo@agenda, mode:FULL, rate:62, size:183
2025-11-30 15:40:20, EXEC, v:1, k:poo@agenda, mode:FULL, rate:62, size:179
2025-11-30 15:42:57, EXEC, v:1, k:poo@agenda, mode:FULL, rate:62, size:181
2025-11-30 15:47:14, EXEC, v:1, k:poo@agenda, mode:FULL, rate:75, size:181
2025-11-30 15:54:14, EXEC, v:1, k:poo@agenda, mode:FULL, rate:87, size:181
2025-11-30 15:55:18, EXEC, v:1, k:poo@agenda, mode:FULL, rate:100, size:174
2025-11-30 15:55:26, MOVE, v:1, k:poo@agenda, mode:BACK
