2025-11-26 11:43:11, MOVE, v:1, k:poo@contato, mode:PICK
2025-11-26 11:43:12, EXEC, v:1, k:poo@contato, mode:FULL, rate:100
2025-11-26 11:43:14, MOVE, v:1, k:poo@contato, mode:BACK
2025-11-26 11:44:35, MOVE, v:1, k:poo@contato, mode:PICK
2025-11-26 11:44:36, EXEC, v:1, k:poo@contato, mode:FREE
2025-11-26 13:08:13, MOVE, v:1, k:poo@contato, mode:PICK
2025-11-26 13:08:14, EXEC, v:1, k:poo@contato, mode:FULL, rate:100
2025-11-26 13:08:19, EXEC, v:1, k:poo@contato, mode:FULL, rate:100
2025-11-26 13:08:21, EXEC, v:1, k:poo@contato, mode:FULL, rate:100
2025-11-26 13:08:21, EXEC, v:1, k:poo@contato, mode:FULL, rate:100
2025-11-26 13:08:21, EXEC, v:1, k:poo@contato, mode:FULL, rate:100
2025-11-26 13:08:21, EXEC, v:1, k:poo@contato, mode:FULL, rate:100
2025-11-26 13:09:17, EXEC, v:1, k:poo@contato, mode:FULL, rate:0, size:90
2025-11-26 13:09:40, EXEC, v:1, k:poo@contato, mode:FULL, rate:0, size:90
2025-11-26 13:09:40, EXEC, v:1, k:poo@contato, mode:FULL, rate:0, size:90
2025-11-26 13:09:40, EXEC, v:1, k:poo@contato, mode:FULL, rate:0, size:90
2025-11-26 13:09:41, EXEC, v:1, k:poo@contato, mode:FULL, rate:0, size:90
2025-11-26 13:09:41, EXEC, v:1, k:poo@contato, mode:FULL, rate:0
2025-11-26 13:09:41, EXEC, v:1, k:poo@contato, mode:FULL, rate:0
2025-11-26 13:09:41, EXEC, v:1, k:poo@contato, mode:FULL, rate:0
2025-11-26 13:09:58, EXEC, v:1, k:poo@contato, mode:FULL, rate:0, size:90
2025-11-26 13:10:27, EXEC, v:1, k:poo@contato, mode:FULL, rate:100, size:90
2025-11-26 13:10:29, MOVE, v:1, k:poo@contato, mode:BACK
2025-11-26 13:11:04, MOVE, v:1, k:poo@agenda, mode:PICK
2025-11-26 13:11:05, EXEC, v:1, k:poo@agenda, mode:FULL, rate:0, size:86
2025-11-26 13:11:06, MOVE, v:1, k:poo@agenda, mode:BACK
2025-11-26 13:21:11, MOVE, v:1, k:poo@contato, mode:PICK
2025-11-26 13:21:12, EXEC, v:1, k:poo@contato, mode:FREE
2025-11-26 13:21:34, EXEC, v:1, k:poo@contato, mode:FULL, rate:100
2025-11-26 13:25:50, MOVE, v:1, k:poo@contato, mode:BACK
2025-11-26 13:34:12, MOVE, v:1, k:poo@contato, mode:PICK
2025-11-26 13:34:12, EXEC, v:1, k:poo@contato, mode:FREE, size:90
2025-11-26 14:05:18, MOVE, v:1, k:poo@contato, mode:BACK
2025-11-26 14:05:21, MOVE, v:1, k:poo@agenda, mode:PICK
2025-11-26 14:05:21, EXEC, v:1, k:poo@agenda, mode:FULL, rate:0, size:89
2025-11-26 14:05:21, EXEC, v:1, k:poo@agenda, mode:FULL, rate:0, size:89
2025-11-26 14:05:22, MOVE, v:1, k:poo@agenda, mode:BACK
